<?xml version="1.0" encoding="UTF-8"?>
<!-- Generated by org.testng.reporters.JUnitReportReporter -->
<testsuite hostname="DESKTOP-M5I468S" failures="0" tests="1" name="Posturogrophy" time="11.366" errors="0" timestamp="2023-06-17T14:51:21 IST" skipped="0">
  <testcase classname="Posturogrophy" name="postby" time="11.366"/>
  <system-out/>
</testsuite> <!-- Posturogrophy -->
