<?xml version="1.0" encoding="UTF-8"?>
<!-- Generated by org.testng.reporters.JUnitReportReporter -->
<testsuite hostname="DESKTOP-M5I468S" failures="0" tests="1" name="NewTest" time="0.007" errors="0" timestamp="2023-06-23T11:48:37 IST" skipped="0">
  <testcase classname="NewTest" name="f" time="0.007"/>
  <system-out/>
</testsuite> <!-- NewTest -->
