<?xml version="1.0" encoding="UTF-8"?>
<!-- Generated by org.testng.reporters.JUnitReportReporter -->
<testsuite hostname="DESKTOP-M5I468S" failures="0" tests="1" name="NewTest2" time="0.003" errors="0" timestamp="2023-06-10T16:16:41 IST" skipped="0">
  <testcase classname="NewTest2" name="f" time="0.003"/>
  <system-out/>
</testsuite> <!-- NewTest2 -->
